<?xml version="1.0"?>

<component name="org.nuxeo.cm.service.test.mailboxCreator">

  <extension target="org.nuxeo.cm.service.mailboxManagement"
    point="mailboxCreator">

    <contribution class="org.nuxeo.cm.mock.MockPersonalMailboxCreator" />

  </extension>

</component>
