<?xml version="1.0"?>
<component name="org.nuxeo.cm.test.eventContrib">

  <extension target="org.nuxeo.ecm.core.event.EventServiceComponent"
    point="listener">

    <listener name="mailboxSyncTestListener" async="false" postCommit="false"
      class="org.nuxeo.cm.service.synchronization.MailboxSyncTestListener"
      priority="120">
      <event>onMailboxCreated</event>
      <event>onMailboxUpdated</event>
      <event>onMailboxDeleted</event>
    </listener>

  </extension>

</component>
